[    0.000000] Initializing cgroup subsys cpuset
[    0.000000] Initializing cgroup subsys cpu
[    0.000000] Initializing cgroup subsys cpuacct
[    0.000000] Linux version 4.4.0-210-generic (buildd@lgw01-amd64-009) (gcc version 5.4.0 20160609 (Ubuntu 5.4.0-6ubuntu1~16.04.12) ) #242-Ubuntu SMP Fri Apr 16 09:57:56 UTC 2021 (Ubuntu 4.4.0-210.242-generic 4.4.262)
[    0.000000] Command line: BOOT_IMAGE=/boot/vmlinuz-4.4.0-210-generic root=UUID=24bb5647-f67f-4f66-8240-d7eef6dd8372 ro console=tty1 console=ttyS0
[    0.000000] KERNEL supported cpus:
[    0.000000]   Intel GenuineIntel
[    0.000000]   AMD AuthenticAMD
[    0.000000]   Centaur CentaurHauls
[    0.000000] x86/fpu: xstate_offset[2]:  576, xstate_sizes[2]:  256
[    0.000000] x86/fpu: Supporting XSAVE feature 0x01: 'x87 floating point registers'
[    0.000000] x86/fpu: Supporting XSAVE feature 0x02: 'SSE registers'
[    0.000000] x86/fpu: Supporting XSAVE feature 0x04: 'AVX registers'
[    0.000000] x86/fpu: Enabled xstate features 0x7, context size is 832 bytes, using 'standard' format.
[    0.000000] e820: BIOS-provided physical RAM map:
[    0.000000] BIOS-e820: [mem 0x0000000000000000-0x000000000009fbff] usable
[    0.000000] BIOS-e820: [mem 0x000000000009fc00-0x000000000009ffff] reserved
[    0.000000] BIOS-e820: [mem 0x00000000000f0000-0x00000000000fffff] reserved
[    0.000000] BIOS-e820: [mem 0x0000000000100000-0x00000000dffeffff] usable
[    0.000000] BIOS-e820: [mem 0x00000000dfff0000-0x00000000dfffffff] ACPI data
[    0.000000] BIOS-e820: [mem 0x00000000fec00000-0x00000000fec00fff] reserved
[    0.000000] BIOS-e820: [mem 0x00000000fee00000-0x00000000fee00fff] reserved
[    0.000000] BIOS-e820: [mem 0x00000000fffc0000-0x00000000ffffffff] reserved
[    0.000000] BIOS-e820: [mem 0x0000000100000000-0x000000011fffffff] usable
[    0.000000] NX (Execute Disable) protection: active
[    0.000000] SMBIOS 2.5 present.
[    0.000000] Hypervisor detected: KVM
[    0.000000] e820: last_pfn = 0x120000 max_arch_pfn = 0x400000000
[    0.000000] MTRR: Disabled
[    0.000000] x86/PAT: MTRRs disabled, skipping PAT initialization too.
[    0.000000] CPU MTRRs all blank - virtualized system.
[    0.000000] x86/PAT: Configuration [0-7]: WB  WT  UC- UC  WB  WT  UC- UC  
[    0.000000] e820: last_pfn = 0xdfff0 max_arch_pfn = 0x400000000
[    0.000000] found SMP MP-table at [mem 0x0009fff0-0x0009ffff] mapped at [ffff88000009fff0]
[    0.000000] Scanning 1 areas for low memory corruption
[    0.000000] RAMDISK: [mem 0x34b6c000-0x365adfff]
[    0.000000] ACPI: Early table checksum verification disabled
[    0.000000] ACPI: RSDP 0x00000000000E0000 000024 (v02 VBOX  )
[    0.000000] ACPI: XSDT 0x00000000DFFF0030 00003C (v01 VBOX   VBOXXSDT 00000001 ASL  00000061)
[    0.000000] ACPI: FACP 0x00000000DFFF00F0 0000F4 (v04 VBOX   VBOXFACP 00000001 ASL  00000061)
[    0.000000] ACPI: DSDT 0x00000000DFFF0470 002325 (v02 VBOX   VBOXBIOS 00000002 INTL 20120111)
[    0.000000] ACPI: FACS 0x00000000DFFF0200 000040
[    0.000000] ACPI: FACS 0x00000000DFFF0200 000040
[    0.000000] ACPI: APIC 0x00000000DFFF0240 00005C (v02 VBOX   VBOXAPIC 00000001 ASL  00000061)
[    0.000000] ACPI: SSDT 0x00000000DFFF02A0 0001CC (v01 VBOX   VBOXCPUT 00000002 INTL 20120111)
[    0.000000] No NUMA configuration found
[    0.000000] Faking a node at [mem 0x0000000000000000-0x000000011fffffff]
[    0.000000] NODE_DATA(0) allocated [mem 0x11fff7000-0x11fffbfff]
[    0.000000] kvm-clock: Using msrs 4b564d01 and 4b564d00
[    0.000000] kvm-clock: cpu 0, msr 1:1ffef001, primary cpu clock
[    0.000000] kvm-clock: using sched offset of 3953654174 cycles
[    0.000000] clocksource: kvm-clock: mask: 0xffffffffffffffff max_cycles: 0x1cd42e4dffb, max_idle_ns: 881590591483 ns
[    0.000000] Zone ranges:
[    0.000000]   DMA      [mem 0x0000000000001000-0x0000000000ffffff]
[    0.000000]   DMA32    [mem 0x0000000001000000-0x00000000ffffffff]
[    0.000000]   Normal   [mem 0x0000000100000000-0x000000011fffffff]
[    0.000000]   Device   empty
[    0.000000] Movable zone start for each node
[    0.000000] Early memory node ranges
[    0.000000]   node   0: [mem 0x0000000000001000-0x000000000009efff]
[    0.000000]   node   0: [mem 0x0000000000100000-0x00000000dffeffff]
[    0.000000]   node   0: [mem 0x0000000100000000-0x000000011fffffff]
[    0.000000] Initmem setup node 0 [mem 0x0000000000001000-0x000000011fffffff]
[    0.000000] ACPI: PM-Timer IO Port: 0x4008
[    0.000000] IOAPIC[0]: apic_id 2, version 32, address 0xfec00000, GSI 0-23
[    0.000000] ACPI: INT_SRC_OVR (bus 0 bus_irq 0 global_irq 2 dfl dfl)
[    0.000000] ACPI: INT_SRC_OVR (bus 0 bus_irq 9 global_irq 9 low level)
[    0.000000] Using ACPI (MADT) for SMP configuration information
[    0.000000] smpboot: Allowing 2 CPUs, 0 hotplug CPUs
[    0.000000] PM: Registered nosave memory: [mem 0x00000000-0x00000fff]
[    0.000000] PM: Registered nosave memory: [mem 0x0009f000-0x0009ffff]
[    0.000000] PM: Registered nosave memory: [mem 0x000a0000-0x000effff]
[    0.000000] PM: Registered nosave memory: [mem 0x000f0000-0x000fffff]
[    0.000000] PM: Registered nosave memory: [mem 0xdfff0000-0xdfffffff]
[    0.000000] PM: Registered nosave memory: [mem 0xe0000000-0xfebfffff]
[    0.000000] PM: Registered nosave memory: [mem 0xfec00000-0xfec00fff]
[    0.000000] PM: Registered nosave memory: [mem 0xfec01000-0xfedfffff]
[    0.000000] PM: Registered nosave memory: [mem 0xfee00000-0xfee00fff]
[    0.000000] PM: Registered nosave memory: [mem 0xfee01000-0xfffbffff]
[    0.000000] PM: Registered nosave memory: [mem 0xfffc0000-0xffffffff]
[    0.000000] e820: [mem 0xe0000000-0xfebfffff] available for PCI devices
[    0.000000] Booting paravirtualized kernel on KVM
[    0.000000] clocksource: refined-jiffies: mask: 0xffffffff max_cycles: 0xffffffff, max_idle_ns: 7645519600211568 ns
[    0.000000] setup_percpu: NR_CPUS:512 nr_cpumask_bits:512 nr_cpu_ids:2 nr_node_ids:1
[    0.000000] PERCPU: Embedded 33 pages/cpu @ffff88011fc00000 s95192 r8192 d31784 u1048576
[    0.000000] Built 1 zonelists in Node order, mobility grouping on.  Total pages: 1032056
[    0.000000] Policy zone: Normal
[    0.000000] Kernel command line: BOOT_IMAGE=/boot/vmlinuz-4.4.0-210-generic root=UUID=24bb5647-f67f-4f66-8240-d7eef6dd8372 ro console=tty1 console=ttyS0
[    0.000000] PID hash table entries: 4096 (order: 3, 32768 bytes)
[    0.000000] Memory: 4016304K/4193848K available (8644K kernel code, 1332K rwdata, 4044K rodata, 1492K init, 1164K bss, 177544K reserved, 0K cma-reserved)
[    0.000000] SLUB: HWalign=64, Order=0-3, MinObjects=0, CPUs=2, Nodes=1
[    0.000000] Kernel/User page tables isolation: enabled
[    0.000000] Hierarchical RCU implementation.
[    0.000000] 	Build-time adjustment of leaf fanout to 64.
[    0.000000] 	RCU restricting CPUs from NR_CPUS=512 to nr_cpu_ids=2.
[    0.000000] RCU: Adjusting geometry for rcu_fanout_leaf=64, nr_cpu_ids=2
[    0.000000] NR_IRQS:33024 nr_irqs:440 16
[    0.000000] Console: colour VGA+ 80x25
[    0.000000] console [tty1] enabled
[    0.000000] console [ttyS0] enabled
[    0.000000] tsc: Detected 1391.999 MHz processor
[    0.224462] Calibrating delay loop (skipped) preset value.. 2783.99 BogoMIPS (lpj=5567996)
[    0.226106] pid_max: default: 32768 minimum: 301
[    0.227002] ACPI: Core revision 20150930
[    0.228536] ACPI: 2 ACPI AML tables successfully acquired and loaded
[    0.229980] Security Framework initialized
[    0.230999] Yama: becoming mindful.
[    0.231728] AppArmor: AppArmor initialized
[    0.234210] Dentry cache hash table entries: 524288 (order: 10, 4194304 bytes)
[    0.238261] Inode-cache hash table entries: 262144 (order: 9, 2097152 bytes)
[    0.239845] Mount-cache hash table entries: 8192 (order: 4, 65536 bytes)
[    0.241089] Mountpoint-cache hash table entries: 8192 (order: 4, 65536 bytes)
[    0.243648] Initializing cgroup subsys io
[    0.244492] Initializing cgroup subsys memory
[    0.245344] Initializing cgroup subsys devices
[    0.246207] Initializing cgroup subsys freezer
[    0.247067] Initializing cgroup subsys net_cls
[    0.247931] Initializing cgroup subsys perf_event
[    0.248861] Initializing cgroup subsys net_prio
[    0.249749] Initializing cgroup subsys hugetlb
[    0.250611] Initializing cgroup subsys pids
[    0.263149] mce: CPU supports 0 MCE banks
[    0.264468] Last level iTLB entries: 4KB 64, 2MB 8, 4MB 8
[    0.265455] Last level dTLB entries: 4KB 64, 2MB 0, 4MB 0, 1GB 4
[    0.266528] Spectre V1 : Mitigation: usercopy/swapgs barriers and __user pointer sanitization
[    0.268880] Spectre V2 : Mitigation: Full generic retpoline
[    0.270148] Spectre V2 : Spectre v2 / SpectreRSB mitigation: Filling RSB on context switch
[    0.271748] Speculative Store Bypass: Vulnerable
[    0.272672] SRBDS: Unknown: Dependent on hypervisor status
[    0.273777] MDS: Mitigation: Clear CPU buffers
[    0.277138] Freeing SMP alternatives memory: 36K
[    0.283680] ftrace: allocating 32380 entries in 127 pages
[    0.335941] smpboot: APIC(0) Converting physical 0 to logical package 0
[    0.340471] smpboot: Max logical packages: 1
[    0.341545] x2apic enabled
[    0.343093] Switched APIC routing to physical x2apic.
[    0.345872] ..TIMER: vector=0x30 apic1=0 pin1=2 apic2=-1 pin2=-1
[    0.455395] smpboot: CPU0: Intel(R) Core(TM) i5-8257U CPU @ 1.40GHz (family: 0x6, model: 0x8e, stepping: 0xa)
[    0.458366] Performance Events: unsupported p6 CPU model 142 no PMU driver, software events only.
[    0.469512] KVM setup paravirtual spinlock
[    0.471154] x86: Booting SMP configuration:
[    0.472033] .... node  #0, CPUs:      #1
[    0.472941] kvm-clock: cpu 1, msr 1:1ffef041, secondary cpu clock
[    0.488149] mce: CPU supports 0 MCE banks
[    0.490846] x86: Booted up 1 node, 2 CPUs
[    0.492037] smpboot: Total of 2 processors activated (5567.99 BogoMIPS)
[    0.493631] devtmpfs: initialized
[    0.496077] evm: security.selinux
[    0.496794] evm: security.SMACK64
[    0.497491] evm: security.SMACK64EXEC
[    0.498253] evm: security.SMACK64TRANSMUTE
[    0.499139] evm: security.SMACK64MMAP
[    0.499979] evm: security.ima
[    0.500670] evm: security.capability
[    0.501663] clocksource: jiffies: mask: 0xffffffff max_cycles: 0xffffffff, max_idle_ns: 7645041785100000 ns
[    0.503897] futex hash table entries: 512 (order: 3, 32768 bytes)
[    0.505483] pinctrl core: initialized pinctrl subsystem
[    0.506638] RTC time: 19:22:34, date: 05/02/21
[    0.507937] NET: Registered protocol family 16
[    0.519186] cpuidle: using governor ladder
[    0.531813] cpuidle: using governor menu
[    0.533763] PCCT header not found.
[    0.534649] ACPI: bus type PCI registered
[    0.535469] acpiphp: ACPI Hot Plug PCI Controller Driver version: 0.5
[    0.537068] PCI: Using configuration type 1 for base access
[    0.552069] ACPI: Added _OSI(Module Device)
[    0.553205] ACPI: Added _OSI(Processor Device)
[    0.554325] ACPI: Added _OSI(3.0 _SCP Extensions)
[    0.555457] ACPI: Added _OSI(Processor Aggregator Device)
[    0.557209] ACPI: Executed 1 blocks of module-level executable AML code
[    0.560143] ACPI: Interpreter enabled
[    0.560907] ACPI: (supports S0 S5)
[    0.561710] ACPI: Using IOAPIC for interrupt routing
[    0.562890] PCI: Using host bridge windows from ACPI; if necessary, use "pci=nocrs" and report a bug
[    0.568882] ACPI: PCI Root Bridge [PCI0] (domain 0000 [bus 00-ff])
[    0.570257] acpi PNP0A03:00: _OSC: OS supports [ASPM ClockPM Segments MSI]
[    0.572251] acpi PNP0A03:00: _OSC: not requesting OS control; OS requires [ExtendedConfig ASPM ClockPM MSI]
[    0.574472] acpi PNP0A03:00: fail to add MMCONFIG information, can't access extended PCI configuration space under this bridge.
[    0.584696] PCI host bridge to bus 0000:00
[    0.585912] pci_bus 0000:00: root bus resource [io  0x0000-0x0cf7 window]
[    0.587934] pci_bus 0000:00: root bus resource [io  0x0d00-0xffff window]
[    0.589613] pci_bus 0000:00: root bus resource [mem 0x000a0000-0x000bffff window]
[    0.591406] pci_bus 0000:00: root bus resource [mem 0xe0000000-0xfdffffff window]
[    0.592974] pci_bus 0000:00: root bus resource [bus 00-ff]
[    0.596706] pci 0000:00:01.1: legacy IDE quirk: reg 0x10: [io  0x01f0-0x01f7]
[    0.598038] pci 0000:00:01.1: legacy IDE quirk: reg 0x14: [io  0x03f6]
[    0.599270] pci 0000:00:01.1: legacy IDE quirk: reg 0x18: [io  0x0170-0x0177]
[    0.600548] pci 0000:00:01.1: legacy IDE quirk: reg 0x1c: [io  0x0376]
[    0.645966] pci 0000:00:07.0: quirk: [io  0x4000-0x403f] claimed by PIIX4 ACPI
[    0.648491] pci 0000:00:07.0: quirk: [io  0x4100-0x410f] claimed by PIIX4 SMB
[    0.662394] ACPI: PCI Interrupt Link [LNKA] (IRQs 5 9 10 *11)
[    0.664479] ACPI: PCI Interrupt Link [LNKB] (IRQs 5 9 *10 11)
[    0.666125] ACPI: PCI Interrupt Link [LNKC] (IRQs 5 *9 10 11)
[    0.667585] ACPI: PCI Interrupt Link [LNKD] (IRQs 5 9 10 *11)
[    0.669064] ACPI: Enabled 2 GPEs in block 00 to 07
[    0.670700] vgaarb: setting as boot device: PCI:0000:00:02.0
[    0.672144] vgaarb: device added: PCI:0000:00:02.0,decodes=io+mem,owns=io+mem,locks=none
[    0.673741] vgaarb: loaded
[    0.674347] vgaarb: bridge control possible 0000:00:02.0
[    0.675548] SCSI subsystem initialized
[    0.676469] ACPI: bus type USB registered
[    0.677298] usbcore: registered new interface driver usbfs
[    0.678342] usbcore: registered new interface driver hub
[    0.679354] usbcore: registered new device driver usb
[    0.680580] PCI: Using ACPI for IRQ routing
[    0.681716] NetLabel: Initializing
[    0.682432] NetLabel:  domain hash size = 128
[    0.683286] NetLabel:  protocols = UNLABELED CIPSOv4
[    0.684545] NetLabel:  unlabeled traffic allowed by default
[    0.685715] amd_nb: Cannot enumerate AMD northbridges
[    0.688546] clocksource: Switched to clocksource kvm-clock
[    0.696746] AppArmor: AppArmor Filesystem Enabled
[    0.698158] pnp: PnP ACPI init
[    0.699923] pnp: PnP ACPI: found 3 devices
[    0.709025] clocksource: acpi_pm: mask: 0xffffff max_cycles: 0xffffff, max_idle_ns: 2085701024 ns
[    0.711080] NET: Registered protocol family 2
[    0.712224] TCP established hash table entries: 32768 (order: 6, 262144 bytes)
[    0.713750] TCP bind hash table entries: 32768 (order: 7, 524288 bytes)
[    0.716955] TCP: Hash tables configured (established 32768 bind 32768)
[    0.718240] UDP hash table entries: 2048 (order: 4, 65536 bytes)
[    0.719390] UDP-Lite hash table entries: 2048 (order: 4, 65536 bytes)
[    0.720819] NET: Registered protocol family 1
[    0.721948] pci 0000:00:00.0: Limiting direct PCI/PCI transfers
[    0.723075] pci 0000:00:01.0: Activating ISA DMA hang workarounds
[    0.724355] Unpacking initramfs...
[    1.091494] Freeing initrd memory: 26888K
[    1.094211] PCI-DMA: Using software bounce buffering for IO (SWIOTLB)
[    1.095866] software IO TLB: mapped [mem 0xdbff0000-0xdfff0000] (64MB)
[    1.097164] clocksource: tsc: mask: 0xffffffffffffffff max_cycles: 0x14109a24aaa, max_idle_ns: 440795250993 ns
[    1.099070] platform rtc_cmos: registered platform RTC device (no PNP device found)
[    1.100617] Scanning for low memory corruption every 60 seconds
[    1.102446] audit: initializing netlink subsys (disabled)
[    1.103809] audit: type=2000 audit(1619983360.778:1): initialized
[    1.106008] Initialise system trusted keyring
[    1.107258] HugeTLB registered 2 MB page size, pre-allocated 0 pages
[    1.109460] zbud: loaded
[    1.110530] VFS: Disk quotas dquot_6.6.0
[    1.111350] VFS: Dquot-cache hash table entries: 512 (order 0, 4096 bytes)
[    1.112771] squashfs: version 4.0 (2009/01/31) Phillip Lougher
[    1.114128] fuse init (API version 7.23)
[    1.115042] Key type big_key registered
[    1.115840] Allocating IMA MOK and blacklist keyrings.
[    1.117867] Key type asymmetric registered
[    1.118687] Asymmetric key parser 'x509' registered
[    1.119711] Block layer SCSI generic (bsg) driver version 0.4 loaded (major 249)
[    1.121629] io scheduler noop registered
[    1.122425] io scheduler deadline registered (default)
[    1.123436] io scheduler cfq registered
[    1.124299] pci_hotplug: PCI Hot Plug PCI Core version: 0.5
[    1.125384] pciehp: PCI Express Hot Plug Controller Driver version: 0.4
[    1.126920] ACPI: AC Adapter [AC] (off-line)
[    1.127832] input: Power Button as /devices/LNXSYSTM:00/LNXPWRBN:00/input/input0
[    1.129349] ACPI: Power Button [PWRF]
[    1.130167] input: Sleep Button as /devices/LNXSYSTM:00/LNXSLPBN:00/input/input1
[    1.131635] ACPI: Sleep Button [SLPF]
[    1.132544] GHES: HEST is not enabled!
[    1.133447] ACPI: Battery Slot [BAT0] (battery present)
[    1.134561] Serial: 8250/16550 driver, 32 ports, IRQ sharing enabled
[    1.156280] 00:02: ttyS0 at I/O 0x3f8 (irq = 4, base_baud = 115200) is a 16550A
[    1.160905] Linux agpgart interface v0.103
[    1.163528] loop: module loaded
[    1.164828] scsi host0: ata_piix
[    1.165966] scsi host1: ata_piix
[    1.166801] ata1: PATA max UDMA/33 cmd 0x1f0 ctl 0x3f6 bmdma 0xd000 irq 14
[    1.168180] ata2: PATA max UDMA/33 cmd 0x170 ctl 0x376 bmdma 0xd008 irq 15
[    1.169908] libphy: Fixed MDIO Bus: probed
[    1.170733] tun: Universal TUN/TAP device driver, 1.6
[    1.171694] tun: (C) 1999-2004 Max Krasnyansky <maxk@qualcomm.com>
[    1.173061] PPP generic driver version 2.4.2
[    1.173973] ehci_hcd: USB 2.0 'Enhanced' Host Controller (EHCI) Driver
[    1.175164] ehci-pci: EHCI PCI platform driver
[    1.176045] ehci-platform: EHCI generic platform driver
[    1.177074] ohci_hcd: USB 1.1 'Open' Host Controller (OHCI) Driver
[    1.178208] ohci-pci: OHCI PCI platform driver
[    1.179083] ohci-platform: OHCI generic platform driver
[    1.180221] uhci_hcd: USB Universal Host Controller Interface driver
[    1.181463] i8042: PNP: PS/2 Controller [PNP0303:PS2K,PNP0f03:PS2M] at 0x60,0x64 irq 1,12
[    1.183428] serio: i8042 KBD port at 0x60,0x64 irq 1
[    1.184384] serio: i8042 AUX port at 0x60,0x64 irq 12
[    1.185557] mousedev: PS/2 mouse device common for all mice
[    1.187153] input: AT Translated Set 2 keyboard as /devices/platform/i8042/serio0/input/input2
[    1.190232] rtc_cmos rtc_cmos: rtc core: registered rtc_cmos as rtc0
[    1.192260] rtc_cmos rtc_cmos: alarms up to one day, 114 bytes nvram
[    1.193779] i2c /dev entries driver
[    1.194561] device-mapper: uevent: version 1.0.3
[    1.195557] device-mapper: ioctl: 4.34.0-ioctl (2015-10-28) initialised: dm-devel@redhat.com
[    1.197249] ledtrig-cpu: registered to indicate activity on CPUs
[    1.198718] NET: Registered protocol family 10
[    1.199771] NET: Registered protocol family 17
[    1.200722] Key type dns_resolver registered
[    1.202118] registered taskstats version 1
[    1.203153] Loading compiled-in X.509 certificates
[    1.204738] Loaded X.509 cert 'Build time autogenerated kernel key: cf00e047681d67edb2720680708b7d9498083038'
[    1.206626] zswap: loaded using pool lzo/zbud
[    1.209452] Key type trusted registered
[    1.213193] Key type encrypted registered
[    1.214011] AppArmor: AppArmor sha1 policy hashing enabled
[    1.215047] ima: No TPM chip found, activating TPM-bypass!
[    1.216092] ima: Allocated hash algorithm: sha1
[    1.217030] evm: HMAC attrs: 0x1
[    1.218050]   Magic number: 5:980:393
[    1.218905] rtc_cmos rtc_cmos: setting system clock to 2021-05-02 19:22:35 UTC (1619983355)
[    1.220924] BIOS EDD facility v0.16 2004-Jun-25, 0 devices found
[    1.222134] EDD information not available.
[    2.062480] Freeing unused kernel memory: 1492K
[    2.064034] Write protecting the kernel read-only data: 14336k
[    2.065880] Freeing unused kernel memory: 1584K
[    2.067131] Freeing unused kernel memory: 52K
Loading, please wait...
starting version 229
[    2.080511] random: systemd-udevd: uninitialized urandom read (16 bytes read, 3 bits of entropy available)
[    2.081204] random: udevadm: uninitialized urandom read (16 bytes read, 3 bits of entropy available)
[    2.081228] random: udevadm: uninitialized urandom read (16 bytes read, 3 bits of entropy available)
[    2.087591] random: systemd-udevd: uninitialized urandom read (16 bytes read, 3 bits of entropy available)
[    2.088512] random: udevadm: uninitialized urandom read (16 bytes read, 3 bits of entropy available)
[    2.088557] random: udevadm: uninitialized urandom read (16 bytes read, 3 bits of entropy available)
[    2.088733] random: udevadm: uninitialized urandom read (16 bytes read, 3 bits of entropy available)
[    2.088784] random: udevadm: uninitialized urandom read (16 bytes read, 3 bits of entropy available)
[    2.088833] random: udevadm: uninitialized urandom read (16 bytes read, 3 bits of entropy available)
[    2.088941] random: udevadm: uninitialized urandom read (16 bytes read, 3 bits of entropy available)
[    2.125927] ACPI: Video Device [GFX0] (multi-head: yes  rom: no  post: no)
[    2.128608] input: Video Bus as /devices/LNXSYSTM:00/LNXSYBUS:00/PNP0A03:00/LNXVIDEO:00/input/input4
[    2.138532] e1000: Intel(R) PRO/1000 Network Driver - version 7.3.21-k8-NAPI
[    2.140039] e1000: Copyright (c) 1999-2006 Intel Corporation.
[    2.146810] Fusion MPT base driver 3.04.20
[    2.147959] Copyright (c) 1999-2008 LSI Corporation
[    2.153424] Fusion MPT SPI Host driver 3.04.20
[    2.165294] AVX2 version of gcm_enc/dec engaged.
[    2.166780] AES CTR mode by8 optimization enabled
[    2.353348] input: ImExPS/2 Generic Explorer Mouse as /devices/platform/i8042/serio1/input/input5
[    2.518417] e1000 0000:00:03.0 eth0: (PCI:33MHz:32-bit) 02:f9:1b:48:68:4f
[    2.530119] e1000 0000:00:03.0 eth0: Intel(R) PRO/1000 Network Connection
[    2.532261] mptbase: ioc0: Initiating bringup
[    2.533050] e1000 0000:00:03.0 enp0s3: renamed from eth0
[    3.085455] ioc0: LSI53C1030 A0: Capabilities={Initiator}
[    5.109667] scsi host2: ioc0: LSI53C1030 A0, FwRev=00000000h, Ports=1, MaxQ=256, IRQ=20
[    7.013636] scsi 2:0:0:0: Direct-Access     VBOX     HARDDISK         1.0  PQ: 0 ANSI: 5
[    7.016341] scsi target2:0:0: Beginning Domain Validation
[    7.018697] scsi target2:0:0: Domain Validation skipping write tests
[    7.020299] scsi target2:0:0: Ending Domain Validation
[    7.021708] scsi target2:0:0: asynchronous
[    7.023642] scsi 2:0:1:0: Direct-Access     VBOX     HARDDISK         1.0  PQ: 0 ANSI: 5
[    7.025751] scsi target2:0:1: Beginning Domain Validation
[    7.027989] scsi target2:0:1: Domain Validation skipping write tests
[    7.029770] scsi target2:0:1: Ending Domain Validation
[    7.030923] scsi target2:0:1: asynchronous
[    7.036637] sd 2:0:0:0: Attached scsi generic sg0 type 0
[    7.037821] sd 2:0:0:0: [sda] 83886080 512-byte logical blocks: (42.9 GB/40.0 GiB)
[    7.040323] sd 2:0:1:0: Attached scsi generic sg1 type 0
[    7.041891] sd 2:0:1:0: [sdb] 20480 512-byte logical blocks: (10.5 MB/10.0 MiB)
[    7.043736] sd 2:0:0:0: [sda] Write Protect is off
[    7.045101] sd 2:0:1:0: [sdb] Write Protect is off
[    7.046490] sd 2:0:0:0: [sda] Incomplete mode parameter data
[    7.047599] sd 2:0:0:0: [sda] Assuming drive cache: write through
[    7.048885] sd 2:0:1:0: [sdb] Incomplete mode parameter data
[    7.050417] sd 2:0:1:0: [sdb] Assuming drive cache: write through
[    7.054189]  sda: sda1
[    7.056292] sd 2:0:0:0: [sda] Attached SCSI disk
[    7.057640] sd 2:0:1:0: [sdb] Attached SCSI disk
Begin: Loading essential drivers ... [    8.346267] md: linear personality registered for level -1
[    8.350034] md: multipath personality registered for level -4
[    8.353514] md: raid0 personality registered for level 0
[    8.358434] md: raid1 personality registered for level 1
[    8.428579] raid6: sse2x1   gen() 12316 MB/s
[    8.497044] raid6: sse2x1   xor()  9379 MB/s
[    8.564770] raid6: sse2x2   gen() 15412 MB/s
[    8.632754] raid6: sse2x2   xor() 10971 MB/s
[    8.700712] raid6: sse2x4   gen() 18083 MB/s
[    8.768662] raid6: sse2x4   xor() 11483 MB/s
[    8.836555] raid6: avx2x1   gen() 22752 MB/s
[    8.904582] raid6: avx2x2   gen() 28941 MB/s
[    8.972692] raid6: avx2x4   gen() 32268 MB/s
[    8.974034] raid6: using algorithm avx2x4 gen() 32268 MB/s
[    8.975548] raid6: using avx2x2 recovery algorithm
[    8.977646] xor: automatically using best checksumming function:
[    9.016645]    avx       : 27471.000 MB/sec
[    9.019524] async_tx: api initialized (async)
[    9.030247] md: raid6 personality registered for level 6
[    9.031873] md: raid5 personality registered for level 5
[    9.033334] md: raid4 personality registered for level 4
[    9.040262] md: raid10 personality registered for level 10
done.
Begin: Running /scripts/init-premount ... done.
Begin: Mounting root file system ... Begin: Running /scripts/local-top ... done.
Begin: Running /scripts/local-premount ... [    9.067189] Btrfs loaded
Scanning for Btrfs filesystems
done.
Warning: fsck not present, so skipping root file system
[    9.100903] EXT4-fs (sda1): mounted filesystem with ordered data mode. Opts: (null)
done.
Begin: Running /scripts/local-bottom ... done.
Begin: Running /scripts/init-bottom ... done.
[    9.234511] systemd[1]: systemd 229 running in system mode. (+PAM +AUDIT +SELINUX +IMA +APPARMOR +SMACK +SYSVINIT +UTMP +LIBCRYPTSETUP +GCRYPT +GNUTLS +ACL +XZ -LZ4 +SECCOMP +BLKID +ELFUTILS +KMOD -IDN)
[    9.238196] systemd[1]: Detected virtualization oracle.
[    9.239213] systemd[1]: Detected architecture x86-64.

Welcome to [1mUbuntu 16.04.7 LTS[0m!

[    9.246417] systemd[1]: Set hostname to <cis553>.
[   10.212652] systemd[1]: Started Trigger resolvconf update for networkd DNS.
[[0;32m  OK  [0m] Started Trigger resolvconf update for networkd DNS.
[   10.215315] systemd[1]: Listening on Journal Socket (/dev/log).
[[0;32m  OK  [0m] Listening on Journal Socket (/dev/log).
[   10.217596] systemd[1]: Set up automount Arbitrary Executable File Formats File System Automount Point.
[[0;32m  OK  [0m] Set up automount Arbitrary Executab...ats File System Automount Point.
[   11.038293] systemd[1]: Listening on Syslog Socket.
[[0;32m  OK  [0m] Listening on Syslog Socket.
[   11.065665] systemd[1]: Listening on LVM2 metadata daemon socket.
[[0;32m  OK  [0m] Listening on LVM2 metadata daemon socket.
[   11.098390] systemd[1]: Listening on /dev/initctl Compatibility Named Pipe.
[[0;32m  OK  [0m] Listening on /dev/initctl Compatibility Named Pipe.
[   11.102589] systemd[1]: Listening on Journal Audit Socket.
[[0;32m  OK  [0m] Listening on Journal Audit Socket.
[   11.105302] systemd[1]: Listening on LVM2 poll daemon socket.
[[0;32m  OK  [0m] Listening on LVM2 poll daemon socket.
[   11.107980] systemd[1]: Listening on Journal Socket.
[[0;32m  OK  [0m] Listening on Journal Socket.
[   11.110309] systemd[1]: Listening on Device-mapper event daemon FIFOs.
[[0;32m  OK  [0m] Listening on Device-mapper event daemon FIFOs.
[   11.113007] systemd[1]: Reached target Encrypted Volumes.
[[0;32m  OK  [0m] Reached target Encrypted Volumes.
[   11.115310] systemd[1]: Listening on udev Kernel Socket.
[[0;32m  OK  [0m] Listening on udev Kernel Socket.
[   11.117698] systemd[1]: Created slice System Slice.
[[0;32m  OK  [0m] Created slice System Slice.
[   11.129375] systemd[1]: Starting Nameserver information manager...
         Starting Nameserver information manager...
[   11.133406] systemd[1]: Starting Uncomplicated firewall...
         Starting Uncomplicated firewall...
[   11.141635] systemd[1]: Starting Journal Service...
         Starting Journal Service...
[   11.144429] systemd[1]: Mounting Debug File System...
         Mounting Debug File System...
[   11.149474] systemd[1]: Starting Load Kernel Modules...
         Starting Load Kernel Modules...
[   11.152957] systemd[1]: Starting Remount Root and Kernel File Systems...
         Starting Remount Root and Kernel File Systems...
[   11.155474] systemd[1]: Started Forward Password Requests to Wall Directory Watch.
[   11.157271] EXT4-fs (sda1): re-mounted. Opts: (null)
[[0;32m  OK  [0m] Started Forward Password Requests to Wall Directory Watch.
[   11.159550] systemd[1]: Created slice system-serial\x2dgetty.slice.
[[0;32m  OK  [0m] Created slice sy[   11.161522] Loading iSCSI transport class v2.0-870.
stem-serial\x2dgetty.slice.
[   11.163497] systemd[1]: Starting Set console keymap...
         Starting Set console keymap...
[   11.166193] systemd[1]: Mounting POSIX Message Queue File System...
         Mounting POSIX Message Queue File System...
[   11.168636] systemd[1]: Reached target System Time Synchronized.
[[0;32m  OK  [0m] Reached target System Time Synchronized.
[   11.174985] systemd[1]: Mounting Huge Pages File System...
         Mounting Huge Pages File System...
[   11.177617] systemd[1]: Reached target User and Group Name Lookups.
[[0;32m  OK  [0m] Reached target User and Group Name Lookups.
[   11.180417] systemd[1]: Starting Monitoring of LVM2 mirrors, snapshots etc. using dmeventd or progress polling...
         Starting Monitoring of LVM2 mirrors... dmeventd or progress polling...
[   11.185112] systemd[1]: Reached target Swap.
[[0;32m  OK  [0m] Reached target Swap.
[   11.188020] systemd[1]: Starting Create list of required static device nodes for the current kernel...
         Starting Create list of required st... nodes for the current kernel...
[   11.193145] iscsi: registered transport (tcp)
[   11.193367] systemd[1]: Created slice User and Session Slice.
[[0;32m  OK  [0m] Created slice User and Session Slice.
[   11.197893] systemd[1]: Reached target Slices.
[[0;32m  OK  [0m] Reached target Slices.
[   11.200494] systemd[1]: Listening on udev Control Socket.
[[0;32m  OK  [0m] Listening on udev Control Socket.
[   11.204012] systemd[1]: Mounted Debug File System.
[[0;32m  OK  [0m] Mounted Debug File System.
[   11.205980] systemd[1]: Mounted Huge Pages File System.
[[0;32m  OK  [0m] Mounted Huge Pages File System.
[   11.208115] systemd[1]: Mounted POSIX Message Queue File System.
[[0;32m  OK  [0m] Mounted POSIX Message Queue File System.
[   11.212177] systemd[1]: Started Journal Service.
[[0;32m  OK  [0m] Started Journal Service.
[[   11.217488] random: nonblocking pool is initialized
[0;32m  OK  [0m] Started Uncomplicated firewall.
[[0;32m  OK  [0m] Started Remount Root and Kernel File Systems.
[[0;32m  OK  [0m] Started Create list of required sta...ce nodes for the current kernel.
[[0;32m  OK  [0m] Started Nameserver information manager.
[[0;32m  OK  [0m] Started LVM2 metadata daemon.
         Starting Create Static Device Nodes in /dev...
         Starting Load/Save Random Seed...
[   11.238539] iscsi: registered transport (iser)
         Starting udev Coldplug all Devices...
         Starting Flush Journal to Persistent Storage...
[[0;32m  OK  [0m] Started Load Kernel Modules.
[[0;32m  OK  [0m] Started Set console keymap.
         Starting Apply Kernel Variables...
         Mounting FUSE Control File System...
[[0;32m  OK  [0m] Started Load/Save Random Seed.
[   11.255675] systemd-journald[383]: Received request to flush runtime journal from PID 1
[[0;32m  OK  [0m] Started Flush Journal to Persistent Storage.
[[0;32m  OK  [0m] Mounted FUSE Control File System.
[[0;32m  OK  [0m] Started Apply Kernel Variables.
[[0;32m  OK  [0m] Started Create Static Device Nodes in /dev.
         Starting udev Kernel Device Manager...
[[0;32m  OK  [0m] Started udev Coldplug all Devices.
[[0;32m  OK  [0m] Started udev Kernel Device Manager.
[[0;32m  OK  [0m] Started Dispatch Password Requests to Console Directory Watch.
[[0;32m  OK  [0m] Started Monitoring of LVM2 mirrors,...ng dmeventd or progress polling.
[[0;32m  OK  [0m] Reached target Local File Systems (Pre).
         Mounting /vagrant...
[[0;32m  OK  [0m] Reached target Local File Systems.
         Starting LSB: AppArmor initialization...
         Starting Initial cloud-init job (pre-networking)...
         Starting Tell Plymouth To Write Out Runtime Data...
         Starting Create Volatile Files and Directories...
         Starting Set console font and keymap...
[[0;1;31mFAILED[0m] Failed to mount /vagrant.
See 'systemctl status vagrant.mount' for details.
[[0;32m  OK  [0m] Started Tell Plymouth To Write Out Runtime Data.
[   11.614944] intel_rapl: no valid rapl domains found in package 0
   11.644195] intel_rapl: no valid rapl domains found in package 0
[[0;32m  OK  [0m] Found device /dev/ttyS0.
[[0;32m  OK  [0m] Started Create Volatile Files and Directories.
         Starting Update UTMP about System Boot/Shutdown...
[[0;32m  OK  [0m] Started Update UTMP about System Boot/Shutdown.
[[0;32m  OK  [0m] Started LSB: AppArmor initialization.
         Starting Load AppArmor profiles managed internally by snapd...
[[0;32m  OK  [0m] Listening on Load/Save RF Kill Switch Status /dev/rfkill Watch.
[[0;32m  OK  [0m] Started Load AppArmor profiles managed internally by snapd.
[[0;32m  OK  [0m] Started Set console font and keymap.
[[0;32m  OK  [0m] Created slice system-getty.slice.
[[0;32m  OK  [0m] Reached target Sound Card.
[[0;32m  OK  [0m] Found device 82540EM Gigabit Ethern...r (PRO/1000 MT Desktop Adapter).
[   12.130786] cloud-init[513]: Cloud-init v. 20.4.1-0ubuntu1~16.04.1 running 'init-local' at Sun, 02 May 2021 19:22:46 +0000. Up 11.91 seconds.
[[0;32m  OK  [0m] Started Initial cloud-init job (pre-networking).
[[0;32m  OK  [0m] Reached target Network (Pre).
[[0;32m  OK  [0m] Started ifup for enp0s3.
         Starting Raise network interfaces...
[[0;32m  OK  [0m] Started Raise network interfaces.
[[0;32m  OK  [0m] Reached target Network.
         Starting Initial cloud-init job (metadata service crawler)...
[   12.770354] cloud-init[1009]: Cloud-init v. 20.4.1-0ubuntu1~16.04.1 running 'init' at Sun, 02 May 2021 19:22:47 +0000. Up 12.55 seconds.
[   12.776939] cloud-init[1009]: ci-info: ++++++++++++++++++++++++++++++++++++++Net device info++++++++++++++++++++++++++++++++++++++
[   12.778180] cloud-init[1009]: ci-info: +--------+------+----------------------------+---------------+--------+-------------------+
[   12.779375] cloud-init[1009]: ci-info: | Device |  Up  |          Address           |      Mask     | Scope  |     Hw-Address    |
[   12.780998] cloud-init[1009]: ci-info: +--------+------+----------------------------+---------------+--------+-------------------+
[   12.782937] cloud-init[1009]: ci-info: | enp0s3 | True |         10.0.2.15          | 255.255.255.0 | global | 02:f9:1b:48:68:4f |
[   12.784787] cloud-init[1009]: ci-info: | enp0s3 | True | fe80::f9:1bff:fe48:684f/64 |       .       |  link  | 02:f9:1b:48:68:4f |
[   12.786577] cloud-init[1009]: ci-info: |   lo   | True |         127.0.0.1          |   255.0.0.0   |  host  |         .         |
[   12.788617] cloud-init[1009]: ci-info: |   lo   | True |          ::1/128           |       .       |  host  |         .         |
[   12.790197] cloud-init[1009]: ci-info: +--------+------+----------------------------+---------------+--------+-------------------+
[   12.792117] cloud-init[1009]: ci-info: +++++++++++++++++++++++++++Route IPv4 info++++++++++++++++++++++++++++
[   12.793736] cloud-init[1009]: ci-info: +-------+-------------+----------+---------------+-----------+-------+
[   12.795353] cloud-init[1009]: ci-info: | Route | Destination | Gateway  |    Genmask    | Interface | Flags |
[   12.796999] cloud-init[1009]: ci-info: +-------+-------------+----------+---------------+-----------+-------+
[   12.798137] cloud-init[1009]: ci-info: |   0   |   0.0.0.0   | 10.0.2.2 |    0.0.0.0    |   enp0s3  |   UG  |
[   12.799893] cloud-init[1009]: ci-info: |   1   |   10.0.2.0  | 0.0.0.0  | 255.255.255.0 |   enp0s3  |   U   |
[   12.801569] cloud-init[1009]: ci-info: +-------+-------------+----------+---------------+-----------+-------+
[   12.803187] cloud-init[1009]: ci-info: +++++++++++++++++++Route IPv6 info+++++++++++++++++++
[   12.804796] cloud-init[1009]: ci-info: +-------+-------------+---------+-----------+-------+
[   12.806476] cloud-init[1009]: ci-info: | Route | Destination | Gateway | Interface | Flags |
[   12.807934] cloud-init[1009]: ci-info: +-------+-------------+---------+-----------+-------+
[   12.809416] cloud-init[1009]: ci-info: |   0   |  fe80::/64  |    ::   |   enp0s3  |   U   |
[   12.810855] cloud-init[1009]: ci-info: |   3   |   ff00::/8  |    ::   |   enp0s3  |   U   |
[   12.812229] cloud-init[1009]: ci-info: +-------+-------------+---------+-----------+-------+
[[0;32m  OK  [0m] Started Initial cloud-init job (metadata service crawler).
[[0;32m  OK  [0m] Reached target Network is Online.
         Starting iSCSI initiator daemon (iscsid)...
[[0;32m  OK  [0m] Reached target Cloud-config availability.
[[0;32m  OK  [0m] Reached target System Initialization.
[[0;32m  OK  [0m] Started Message of the Day.
[[0;32m  OK  [0m] Started ACPI Events Check.
[[0;32m  OK  [0m] Reached target Paths.
[[0;32m  OK  [0m] Started Daily Cleanup of Temporary Directories.
[[0;32m  OK  [0m] Listening on D-Bus System Message Bus Socket.
[[0;32m  OK  [0m] Listening on ACPID Listen Socket.
[[0;32m  OK  [0m] Started Daily apt download activities.
[[0;32m  OK  [0m] Started Daily apt upgrade and clean activities.
         Starting LXD - unix socket.
         Starting Socket activation for snappy daemon.
[[0;32m  OK  [0m] Reached target Timers.
[[0;32m  OK  [0m] Listening on UUID daemon activation socket.
[[0;32m  OK  [0m] Listening on LXD - unix socket.
[[0;32m  OK  [0m] Listening on Socket activation for snappy daemon.
[[0;32m  OK  [0m] Started iSCSI initiator daemon (iscsid).
         Starting Login to default iSCSI targets...
[[0;32m  OK  [0m] Reached target Sockets.
[[0;32m  OK  [0m] Reached target Basic System.
         Starting Virtualbox guest utils...
         Starting Open vSwitch Internal Unit...
         Starting System Logging Service...
         Starting LSB: MD monitoring daemon...
         Starting Login Service...
[[0;32m  OK  [0m] Started ACPI event daemon.
         Starting Accounts Service...
[[0;32m  OK  [0m] Started FUSE filesystem for LXC.
         Starting LSB: Record successful boot for GRUB...
         Starting LXD - container startup/shutdown...
[[0;32m  OK  [0m] Started Deferred execution scheduler.
[[0;32m  OK  [0m] Started D-Bus System Message Bus.
         Starting Save/Restore Sound Card State...
         Starting /etc/rc.local Compatibility...
[[0;32m  OK  [0m] Started Regular background program processing daemon.
         Starting Snap Daemon...
         Starting OpenBSD Secure Shell server...
[[0;32m  OK  [0m] Started System Logging Service.
[[0;32m  OK  [0m] Started /etc/rc.local Compatibility.
[[0;32m  OK  [0m] Started Save/Restore Sound Card State.
[[0;32m  OK  [0m] Started Login Service.
[[0;32m  OK  [0m] Started Unattended Upgrades Shutdown.
         Starting Authenticate and Authorize Users to Run Privileged Tasks...
[[0;32m  OK  [0m] Started LXD - container startup/shutdown.
[[0;32m  OK  [0m] Started Login to default iSCSI targets.
[[0;32m  OK  [0m] Started OpenBSD Secure Shell server.
[[0;32m  OK  [0m] Reached target Remote File Systems (Pre).
[[0;32m  OK  [0m] Reached target Remote File Systems.
         Starting LSB: Set the CPU Frequency Scaling governor to "ondemand"...
         Starting LSB: Linux init script for swapspace...
         Starting LSB: daemon to balance interrupts for SMP systems...
         Starting Permit User Sessions...
         Starting LSB: automatic crash report generation...
[[0;32m  OK  [0m] Started LSB: MD monitoring daemon.
[[0;32m  OK  [0m] Started Permit User Sessions.
[[0;32m  OK  [0m] Started LSB: Record successful boot for GRUB.
         Starting Hold until boot process finishes up...
         Starting Terminate Plymouth Boot Screen...
[[0;32m  OK  [0m] Started LSB: Set the CPU Frequency Scaling governor to "ondemand".
[[0;32m  OK  [0m] Started LSB: Linux init script for swapspace.
[[0;32m  OK  [0m] Started LSB: automatic crash report generation.
[[0;32m  OK  [0m] Started Hold until boot process finishes up.
[[0;32m  OK  [0m] Started Terminate Plymouth Boot Screen.
[[0;32m  OK  [0m] Started Authenticate and Authorize Users to Run Privileged Tasks.
[[0;32m  OK  [0m] Started Accounts Service.
[[0;32m  OK  [0m] Started Getty on tty1.
[[0;32m  OK  [0m] Started Serial Getty on ttyS0.
[[0;32m  OK  [0m] Reached target Login Prompts.
         Starting Set console scheme...
[[0;32m  OK  [0m] Started Virtualbox guest utils.
[[0;32m  OK  [0m] Started LSB: daemon to balance interrupts for SMP systems.
[[0;32m  OK  [0m] Started Set console scheme.
[[0;32m  OK  [0m] Started Snap Daemon.
         Starting Wait until snapd is fully seeded...
[[0;32m  OK  [0m] Started Wait until snapd is fully seeded.
         Starting Apply the settings specified in cloud-config...
[[0;32m  OK  [0m] Started Open vSwitch Internal Unit.
         Starting Open vSwitch...
[[0;32m  OK  [0m] Started Open vSwitch.
[[0;32m  OK  [0m] Reached target Multi-User System.
[[0;32m  OK  [0m] Reached target Graphical Interface.
         Starting Update UTMP about System Runlevel Changes...
[[0;32m  OK  [0m] Started Update UTMP about System Runlevel Changes.
[   13.761014] cloud-init[1282]: Cloud-init v. 20.4.1-0ubuntu1~16.04.1 running 'modules:config' at Sun, 02 May 2021 19:22:48 +0000. Up 13.68 seconds.
[[0;32m  OK  [0m] Started Apply the settings specified in cloud-config.
         Starting Execute cloud user/final scripts...
[   14.114589] cloud-init[1334]: Cloud-init v. 20.4.1-0ubuntu1~16.04.1 running 'modules:final' at Sun, 02 May 2021 19:22:48 +0000. Up 14.03 seconds.
[   14.116416] cloud-init[1334]: Cloud-init v. 20.4.1-0ubuntu1~16.04.1 finished at Sun, 02 May 2021 19:22:48 +0000. Datasource DataSourceNoCloud [seed=/dev/sdb][dsmode=net].  Up 14.11 seconds
[[0;32m  OK  [0m] Started Execute cloud user/final scripts.
[[0;32m  OK  [0m] Reached target Cloud-init target.

Ubuntu 16.04.7 LTS cis553 ttyS0

cis553 login: 